<?xml version="1.0" encoding="utf-8"?><testsuites name="pytest tests"><testsuite name="pytest" errors="0" failures="1" skipped="0" tests="11" time="10.422" timestamp="2026-04-25T13:30:02.743426+00:00" hostname="agent-env-14ccf806-c026-4f13-b603-32fb35201814"><testcase classname="backend.tests.test_http_api" name="test_health" time="0.226" /><testcase classname="backend.tests.test_http_api" name="test_register_new_user" time="0.381" /><testcase classname="backend.tests.test_http_api" name="test_login_demo" time="0.378" /><testcase classname="backend.tests.test_http_api" name="test_auth_me" time="0.107" /><testcase classname="backend.tests.test_http_api" name="test_predict_requires_auth" time="0.161" /><testcase classname="backend.tests.test_http_api" name="test_predict_invalid_payload" time="0.147" /><testcase classname="backend.tests.test_http_api" name="test_predict_valid" time="0.140" /><testcase classname="backend.tests.test_http_api" name="test_explain" time="0.110" /><testcase classname="backend.tests.test_http_api" name="test_report" time="8.393" /><testcase classname="backend.tests.test_http_api" name="test_predictions_history" time="0.134"><failure message="assert False&#10; +  where False = isinstance({'items': [{'contributions': [{'feature': 'Insulin', 'shap_value': -0.30536764915309633, 'value': 0.0}, {'feature': 'Glucose', 'shap_value': 0.10440681698340275, 'value': 148.0}, {'feature': 'Age', 'shap_value': 0.0414552778927564, 'value': 50.0}, {'feature': 'DiabetesPedigreeFunction', 'shap_value': 0.02874580047554684, 'value': 0.627}, {'feature': 'SkinThickness', 'shap_value': 0.02498386320829171, 'value': 35.0}, {'feature': 'BMI', 'shap_value': 0.021870377386076324, 'value': 33.6}, ...], 'created_at': '2026-04-25T13:30:04.382075+00:00', 'explanation': &quot;**Understanding Your Diabetes Risk Assessment**\n\nGood news! The model suggests you currently have a **low risk** of diabetes, with about a 39% probability. This means the indicators lean more toward lower risk than higher.\n\n**What's helping keep your risk lower:**\n- Your **insulin level** (recorded as 0, which may indicate it wasn't measured or was fasting) is the biggest factor pulling your risk down significantly.\n\n**What's nudging risk slightly upward:**\n- Your **blood sugar level** (148) is a bit elevated and is the main factor increasing risk\n- Your **age** (50) adds a small amount of risk, as diabetes becomes more common as we get older\n- Your **family history score** and **skin fold measurement** contribute minor increases\n\nThink of these factors like weights on a scale—right now, the protective factors outweigh the risk factors. However, that glucose reading deserves attention.\n\n**Please discuss these results with your doctor or healthcare provider, who can give you personalized guidance and check if any follow-up is needed.**&quot;, 'id': '7c7da5bf-27af-4790-bdc9-29b8fdad8a23', ...}, {'contributions': [{'feature': 'Insulin', 'shap_value': -0.30536764915309633, 'value': 0.0}, {'feature': 'Glucose', 'shap_value': 0.10440681698340275, 'value': 148.0}, {'feature': 'Age', 'shap_value': 0.0414552778927564, 'value': 50.0}, {'feature': 'DiabetesPedigreeFunction', 'shap_value': 0.02874580047554684, 'value': 0.627}, {'feature': 'SkinThickness', 'shap_value': 0.02498386320829171, 'value': 35.0}, {'feature': 'BMI', 'shap_value': 0.021870377386076324, 'value': 33.6}, ...], 'created_at': '2026-04-25T13:25:23.153136+00:00', 'explanation': None, 'id': 'a49dce05-96a2-4992-8e49-f1774c1702a9', ...}]}, list)">backend/tests/test_http_api.py:125: in test_predictions_history
    assert isinstance(body, list)
E   assert False
E    +  where False = isinstance({'items': [{'contributions': [{'feature': 'Insulin', 'shap_value': -0.30536764915309633, 'value': 0.0}, {'feature': 'Glucose', 'shap_value': 0.10440681698340275, 'value': 148.0}, {'feature': 'Age', 'shap_value': 0.0414552778927564, 'value': 50.0}, {'feature': 'DiabetesPedigreeFunction', 'shap_value': 0.02874580047554684, 'value': 0.627}, {'feature': 'SkinThickness', 'shap_value': 0.02498386320829171, 'value': 35.0}, {'feature': 'BMI', 'shap_value': 0.021870377386076324, 'value': 33.6}, ...], 'created_at': '2026-04-25T13:30:04.382075+00:00', 'explanation': "**Understanding Your Diabetes Risk Assessment**\n\nGood news! The model suggests you currently have a **low risk** of diabetes, with about a 39% probability. This means the indicators lean more toward lower risk than higher.\n\n**What's helping keep your risk lower:**\n- Your **insulin level** (recorded as 0, which may indicate it wasn't measured or was fasting) is the biggest factor pulling your risk down significantly.\n\n**What's nudging risk slightly upward:**\n- Your **blood sugar level** (148) is a bit elevated and is the main factor increasing risk\n- Your **age** (50) adds a small amount of risk, as diabetes becomes more common as we get older\n- Your **family history score** and **skin fold measurement** contribute minor increases\n\nThink of these factors like weights on a scale—right now, the protective factors outweigh the risk factors. However, that glucose reading deserves attention.\n\n**Please discuss these results with your doctor or healthcare provider, who can give you personalized guidance and check if any follow-up is needed.**", 'id': '7c7da5bf-27af-4790-bdc9-29b8fdad8a23', ...}, {'contributions': [{'feature': 'Insulin', 'shap_value': -0.30536764915309633, 'value': 0.0}, {'feature': 'Glucose', 'shap_value': 0.10440681698340275, 'value': 148.0}, {'feature': 'Age', 'shap_value': 0.0414552778927564, 'value': 50.0}, {'feature': 'DiabetesPedigreeFunction', 'shap_value': 0.02874580047554684, 'value': 0.627}, {'feature': 'SkinThickness', 'shap_value': 0.02498386320829171, 'value': 35.0}, {'feature': 'BMI', 'shap_value': 0.021870377386076324, 'value': 33.6}, ...], 'created_at': '2026-04-25T13:25:23.153136+00:00', 'explanation': None, 'id': 'a49dce05-96a2-4992-8e49-f1774c1702a9', ...}]}, list)</failure></testcase><testcase classname="backend.tests.test_http_api" name="test_stats" time="0.109" /></testsuite></testsuites>